WARNING: An illegal reflective access operation has occurred
WARNING: Illegal reflective access by org.codehaus.groovy.reflection.CachedClass (file:/home/ian/.gradle/wrapper/dists/gradle-6.5.1-bin/1m5048aptkfynhbvolwgr4ej9/gradle-6.5.1/lib/groovy-all-1.3-2.5.11.jar) to method java.lang.Object.finalize()
WARNING: Please consider reporting this to the maintainers of org.codehaus.groovy.reflection.CachedClass
WARNING: Use --illegal-access=warn to enable warnings of further illegal reflective access operations
WARNING: All illegal access operations will be denied in a future release
> Task :clean
> Task :compileJava
> Task :processResources NO-SOURCE
> Task :classes
> Task :jar
> Task :assemble
> Task :compileTestJava NO-SOURCE
> Task :processTestResources NO-SOURCE
> Task :testClasses UP-TO-DATE
> Task :test NO-SOURCE
> Task :check UP-TO-DATE
> Task :build
> Task :compileJmhJava
> Task :processJmhResources NO-SOURCE
> Task :jmhClasses

> Task :jmhRunBytecodeGenerator
Processing 4 classes from /home/ian/Projects/TestCode/jmh-gradle-plugin-change-bug/project_updated_after_gradle_no_daemon_invocation_working/build/classes/java/jmh with "reflection" generator
Writing out Java source to /home/ian/Projects/TestCode/jmh-gradle-plugin-change-bug/project_updated_after_gradle_no_daemon_invocation_working/build/jmh-generated-sources and resources to /home/ian/Projects/TestCode/jmh-gradle-plugin-change-bug/project_updated_after_gradle_no_daemon_invocation_working/build/jmh-generated-resources

> Task :jmhCompileGeneratedClasses
> Task :jmhJar
WARNING: An illegal reflective access operation has occurred
WARNING: Illegal reflective access by org.openjdk.jmh.util.Utils (file:/home/ian/.gradle/caches/modules-2/files-2.1/org.openjdk.jmh/jmh-core/1.21/442447101f63074c61063858033fbfde8a076873/jmh-core-1.21.jar) to field java.io.PrintStream.charOut
WARNING: Please consider reporting this to the maintainers of org.openjdk.jmh.util.Utils
WARNING: Use --illegal-access=warn to enable warnings of further illegal reflective access operations
WARNING: All illegal access operations will be denied in a future release

> Task :jmh
# JMH version: 1.21
# VM version: JDK 11.0.8, OpenJDK 64-Bit Server VM, 11.0.8+10-post-Ubuntu-0ubuntu118.04.1
# VM invoker: /usr/lib/jvm/java-11-openjdk-amd64/bin/java
# VM options: <none>
# Warmup: <none>
# Measurement: 10 iterations, 10 ms each
# Timeout: 10 min per iteration
# Threads: 1 thread, will synchronize iterations
# Benchmark mode: Average time, time/op
# Benchmark: com.cool.library.benchmarks.MyClassBenchmark.construct

# Run progress: 0.00% complete, ETA 00:00:00
# Fork: N/A, test runs in the host VM
# *** WARNING: Non-forked runs may silently omit JVM options, mess up profilers, disable compiler hints, etc. ***
# *** WARNING: Use non-forked runs only for debugging purposes, not for actual performance runs. ***
Iteration   1: ≈ 10⁻⁴ ms/op
Iteration   2: ≈ 10⁻⁴ ms/op
Iteration   3: ≈ 10⁻⁵ ms/op
Iteration   4: ≈ 10⁻⁵ ms/op
Iteration   5: ≈ 10⁻⁵ ms/op
Iteration   6: ≈ 10⁻⁵ ms/op
Iteration   7: ≈ 10⁻⁵ ms/op
Iteration   8: ≈ 10⁻⁵ ms/op
Iteration   9: ≈ 10⁻⁴ ms/op
Iteration  10: ≈ 10⁻⁵ ms/op

Result "com.cool.library.benchmarks.MyClassBenchmark.construct":
  ≈ 10⁻⁵ ms/op


# JMH version: 1.21
# VM version: JDK 11.0.8, OpenJDK 64-Bit Server VM, 11.0.8+10-post-Ubuntu-0ubuntu118.04.1
# VM invoker: /usr/lib/jvm/java-11-openjdk-amd64/bin/java
# VM options: <none>
# Warmup: <none>
# Measurement: 10 iterations, 10 ms each
# Timeout: 10 min per iteration
# Threads: 1 thread, will synchronize iterations
# Benchmark mode: Average time, time/op
# Benchmark: com.cool.library.benchmarks.MyClassBenchmark.decrement
# Parameters: (numOperations = 1)

# Run progress: 20.00% complete, ETA 00:00:01
# Fork: N/A, test runs in the host VM
# *** WARNING: Non-forked runs may silently omit JVM options, mess up profilers, disable compiler hints, etc. ***
# *** WARNING: Use non-forked runs only for debugging purposes, not for actual performance runs. ***
Iteration   1: 0.002 ms/op
Iteration   2: ≈ 10⁻⁵ ms/op
Iteration   3: ≈ 10⁻⁵ ms/op
Iteration   4: ≈ 10⁻⁵ ms/op
Iteration   5: ≈ 10⁻⁵ ms/op
Iteration   6: ≈ 10⁻⁵ ms/op
Iteration   7: ≈ 10⁻⁵ ms/op
Iteration   8: ≈ 10⁻⁵ ms/op
Iteration   9: ≈ 10⁻⁵ ms/op
Iteration  10: ≈ 10⁻⁵ ms/op

Result "com.cool.library.benchmarks.MyClassBenchmark.decrement":
  ≈ 10⁻⁴ ms/op


# JMH version: 1.21
# VM version: JDK 11.0.8, OpenJDK 64-Bit Server VM, 11.0.8+10-post-Ubuntu-0ubuntu118.04.1
# VM invoker: /usr/lib/jvm/java-11-openjdk-amd64/bin/java
# VM options: <none>
# Warmup: <none>
# Measurement: 10 iterations, 10 ms each
# Timeout: 10 min per iteration
# Threads: 1 thread, will synchronize iterations
# Benchmark mode: Average time, time/op
# Benchmark: com.cool.library.benchmarks.MyClassBenchmark.decrement
# Parameters: (numOperations = 100000)

# Run progress: 40.00% complete, ETA 00:00:00
# Fork: N/A, test runs in the host VM
# *** WARNING: Non-forked runs may silently omit JVM options, mess up profilers, disable compiler hints, etc. ***
# *** WARNING: Use non-forked runs only for debugging purposes, not for actual performance runs. ***
Iteration   1: 1.040 ms/op
Iteration   2: 0.160 ms/op
Iteration   3: 0.142 ms/op
Iteration   4: 0.115 ms/op
Iteration   5: 0.190 ms/op
Iteration   6: 0.195 ms/op
Iteration   7: 0.130 ms/op
Iteration   8: 0.227 ms/op
Iteration   9: 0.106 ms/op
Iteration  10: 0.338 ms/op

Result "com.cool.library.benchmarks.MyClassBenchmark.decrement":
  0.264 ±(99.9%) 0.425 ms/op [Average]
  (min, avg, max) = (0.106, 0.264, 1.040), stdev = 0.281
  CI (99.9%): [≈ 0, 0.689] (assumes normal distribution)


# JMH version: 1.21
# VM version: JDK 11.0.8, OpenJDK 64-Bit Server VM, 11.0.8+10-post-Ubuntu-0ubuntu118.04.1
# VM invoker: /usr/lib/jvm/java-11-openjdk-amd64/bin/java
# VM options: <none>
# Warmup: <none>
# Measurement: 10 iterations, 10 ms each
# Timeout: 10 min per iteration
# Threads: 1 thread, will synchronize iterations
# Benchmark mode: Average time, time/op
# Benchmark: com.cool.library.benchmarks.MyClassBenchmark.increment
# Parameters: (numOperations = 1)

# Run progress: 60.00% complete, ETA 00:00:00
# Fork: N/A, test runs in the host VM
# *** WARNING: Non-forked runs may silently omit JVM options, mess up profilers, disable compiler hints, etc. ***
# *** WARNING: Use non-forked runs only for debugging purposes, not for actual performance runs. ***
Iteration   1: ≈ 10⁻⁴ ms/op
Iteration   2: ≈ 10⁻⁴ ms/op
Iteration   3: ≈ 10⁻⁴ ms/op
Iteration   4: ≈ 10⁻⁵ ms/op
Iteration   5: ≈ 10⁻⁵ ms/op
Iteration   6: ≈ 10⁻⁵ ms/op
Iteration   7: ≈ 10⁻⁵ ms/op
Iteration   8: ≈ 10⁻⁵ ms/op
Iteration   9: ≈ 10⁻⁵ ms/op
Iteration  10: ≈ 10⁻⁵ ms/op

Result "com.cool.library.benchmarks.MyClassBenchmark.increment":
  ≈ 10⁻⁴ ms/op


# JMH version: 1.21
# VM version: JDK 11.0.8, OpenJDK 64-Bit Server VM, 11.0.8+10-post-Ubuntu-0ubuntu118.04.1
# VM invoker: /usr/lib/jvm/java-11-openjdk-amd64/bin/java
# VM options: <none>
# Warmup: <none>
# Measurement: 10 iterations, 10 ms each
# Timeout: 10 min per iteration
# Threads: 1 thread, will synchronize iterations
# Benchmark mode: Average time, time/op
# Benchmark: com.cool.library.benchmarks.MyClassBenchmark.increment
# Parameters: (numOperations = 100000)

# Run progress: 80.00% complete, ETA 00:00:00
# Fork: N/A, test runs in the host VM
# *** WARNING: Non-forked runs may silently omit JVM options, mess up profilers, disable compiler hints, etc. ***
# *** WARNING: Use non-forked runs only for debugging purposes, not for actual performance runs. ***
Iteration   1: 0.160 ms/op
Iteration   2: 0.210 ms/op
Iteration   3: 0.182 ms/op
Iteration   4: 0.252 ms/op
Iteration   5: 0.189 ms/op
Iteration   6: 0.182 ms/op
Iteration   7: 0.419 ms/op
Iteration   8: 0.139 ms/op
Iteration   9: 0.152 ms/op
Iteration  10: 0.377 ms/op

Result "com.cool.library.benchmarks.MyClassBenchmark.increment":
  0.226 ±(99.9%) 0.146 ms/op [Average]
  (min, avg, max) = (0.139, 0.226, 0.419), stdev = 0.096
  CI (99.9%): [0.080, 0.372] (assumes normal distribution)


# Run complete. Total time: 00:00:01

REMEMBER: The numbers below are just data. To gain reusable insights, you need to follow up on
why the numbers are the way they are. Use profilers (see -prof, -lprof), design factorial
experiments, perform baseline and negative tests that provide experimental control, make sure
the benchmarking environment is safe on JVM/OS/HW level, ask for reviews from the domain experts.
Do not assume the numbers tell you what you want them to tell.

Benchmark                   (numOperations)  Mode  Cnt   Score    Error  Units
MyClassBenchmark.construct              N/A  avgt   10  ≈ 10⁻⁵           ms/op
MyClassBenchmark.decrement                1  avgt   10  ≈ 10⁻⁴           ms/op
MyClassBenchmark.decrement           100000  avgt   10   0.264 ±  0.425  ms/op
MyClassBenchmark.increment                1  avgt   10  ≈ 10⁻⁴           ms/op
MyClassBenchmark.increment           100000  avgt   10   0.226 ±  0.146  ms/op

Benchmark result is saved to /home/ian/Projects/TestCode/jmh-gradle-plugin-change-bug/project_updated_after_gradle_no_daemon_invocation_working/build/reports/jmh/results.txt

Deprecated Gradle features were used in this build, making it incompatible with Gradle 7.0.
Use '--warning-mode all' to show the individual deprecation warnings.
See https://docs.gradle.org/6.5.1/userguide/command_line_interface.html#sec:command_line_warnings

BUILD SUCCESSFUL in 45s
8 actionable tasks: 8 executed
